This file contains any messages produced by compilers while
running configure, to aid debugging if configure makes a mistake.

It was created by heat configure 1.13, which was
generated by GNU Autoconf 2.63.  Invocation command line was

  $ ./configure --no-create --no-recursion

## --------- ##
## Platform. ##
## --------- ##

hostname = fs0
uname -m = x86_64
uname -r = 2.6.32-279.22.1.el6.x86_64
uname -s = Linux
uname -v = #1 SMP Wed Feb 6 03:10:46 UTC 2013

/usr/bin/uname -p = unknown
/bin/uname -X     = unknown

/bin/arch              = x86_64
/usr/bin/arch -k       = unknown
/usr/convex/getsysinfo = unknown
/usr/bin/hostinfo      = unknown
/bin/machine           = unknown
/usr/bin/oslevel       = unknown
/bin/universe          = unknown

PATH: /cm/shared/apps/gcc/4.4.6/bin
PATH: /usr/lib64/qt-3.3/bin
PATH: /usr/local/bin
PATH: /bin
PATH: /usr/bin
PATH: /usr/local/sbin
PATH: /usr/sbin
PATH: /sbin
PATH: /sbin
PATH: /usr/sbin
PATH: /cm/shared/apps/sge/6.2u5p2/bin/lx26-amd64
PATH: /home/tmschoeg/bin


## ----------- ##
## Core tests. ##
## ----------- ##

configure:1791: checking for a BSD-compatible install
configure:1859: result: /usr/bin/install -c
configure:1870: checking whether build environment is sane
configure:1930: result: yes
configure:2071: checking for a thread-safe mkdir -p
configure:2110: result: /bin/mkdir -p
configure:2123: checking for gawk
configure:2139: found /bin/gawk
configure:2150: result: gawk
configure:2161: checking whether make sets $(MAKE)
configure:2183: result: yes
configure:2264: checking for convert
configure:2280: found /usr/bin/convert
configure:2292: result: convert
configure:2460: creating ./config.status

## ---------------- ##
## Cache variables. ##
## ---------------- ##

ac_cv_env_build_alias_set=
ac_cv_env_build_alias_value=
ac_cv_env_host_alias_set=
ac_cv_env_host_alias_value=
ac_cv_env_target_alias_set=
ac_cv_env_target_alias_value=
ac_cv_path_install='/usr/bin/install -c'
ac_cv_path_mkdir=/bin/mkdir
ac_cv_prog_AWK=gawk
ac_cv_prog_CONVERT=convert
ac_cv_prog_make_make_set=yes

## ----------------- ##
## Output variables. ##
## ----------------- ##

ACLOCAL='${SHELL} /home/tmschoeg/pcs/heat-1.13/build-aux/missing --run aclocal-1.11'
AMTAR='${SHELL} /home/tmschoeg/pcs/heat-1.13/build-aux/missing --run tar'
AUTOCONF='${SHELL} /home/tmschoeg/pcs/heat-1.13/build-aux/missing --run autoconf -f'
AUTOHEADER='${SHELL} /home/tmschoeg/pcs/heat-1.13/build-aux/missing --run autoheader'
AUTOMAKE='${SHELL} /home/tmschoeg/pcs/heat-1.13/build-aux/missing --run automake-1.11'
AWK='gawk'
CONVERT='convert'
CYGPATH_W='echo'
DEFS='-DPACKAGE_NAME=\"heat\" -DPACKAGE_TARNAME=\"heat\" -DPACKAGE_VERSION=\"1.13\" -DPACKAGE_STRING=\"heat\ 1.13\" -DPACKAGE_BUGREPORT=\"pcs2013@list.uva.nl\"'
ECHO_C=''
ECHO_N='-n'
ECHO_T=''
HAVE_CONVERT_FALSE='#'
HAVE_CONVERT_TRUE=''
INSTALL_DATA='${INSTALL} -m 644'
INSTALL_PROGRAM='${INSTALL}'
INSTALL_SCRIPT='${INSTALL}'
INSTALL_STRIP_PROGRAM='$(install_sh) -c -s'
LIBOBJS=''
LIBS=''
LTLIBOBJS=''
MAKEINFO='${SHELL} /home/tmschoeg/pcs/heat-1.13/build-aux/missing --run makeinfo'
MKDIR_P='/bin/mkdir -p'
PACKAGE='heat'
PACKAGE_BUGREPORT='pcs2013@list.uva.nl'
PACKAGE_NAME='heat'
PACKAGE_STRING='heat 1.13'
PACKAGE_TARNAME='heat'
PACKAGE_VERSION='1.13'
PATH_SEPARATOR=':'
SET_MAKE=''
SHELL='/bin/sh'
STRIP=''
VERSION='1.13'
am__isrc=''
am__leading_dot='.'
am__tar='${AMTAR} chof - "$$tardir"'
am__untar='${AMTAR} xf -'
bindir='${exec_prefix}/bin'
build_alias=''
datadir='${datarootdir}'
datarootdir='${prefix}/share'
docdir='${datarootdir}/doc/${PACKAGE_TARNAME}'
dvidir='${docdir}'
exec_prefix='${prefix}'
host_alias=''
htmldir='${docdir}'
includedir='${prefix}/include'
infodir='${datarootdir}/info'
install_sh='${SHELL} /home/tmschoeg/pcs/heat-1.13/build-aux/install-sh'
libdir='${exec_prefix}/lib'
libexecdir='${exec_prefix}/libexec'
localedir='${datarootdir}/locale'
localstatedir='${prefix}/var'
mandir='${datarootdir}/man'
mkdir_p='/bin/mkdir -p'
oldincludedir='/usr/include'
pdfdir='${docdir}'
prefix='/usr/local'
program_transform_name='s,x,x,'
psdir='${docdir}'
sbindir='${exec_prefix}/sbin'
sharedstatedir='${prefix}/com'
subdirs=' seq pth omp mpi'
sysconfdir='${prefix}/etc'
target_alias=''

## ----------- ##
## confdefs.h. ##
## ----------- ##

#define PACKAGE_NAME "heat"
#define PACKAGE_TARNAME "heat"
#define PACKAGE_VERSION "1.13"
#define PACKAGE_STRING "heat 1.13"
#define PACKAGE_BUGREPORT "pcs2013@list.uva.nl"

configure: exit 0

## ---------------------- ##
## Running config.status. ##
## ---------------------- ##

This file was extended by heat config.status 1.13, which was
generated by GNU Autoconf 2.63.  Invocation command line was

  CONFIG_FILES    = 
  CONFIG_HEADERS  = 
  CONFIG_LINKS    = 
  CONFIG_COMMANDS = 
  $ ./config.status 

on fs0

config.status:664: creating Makefile
